<?xml version="1.0" encoding="UTF-8"?>
<testsuite name="trees.FineGrainedTreeTest" tests="4" skipped="0" failures="0" errors="0" timestamp="2024-06-03T07:52:54" hostname="DESKTOP-UB4BV4C" time="0.366">
  <properties/>
  <testcase name="addAndGet()" classname="trees.FineGrainedTreeTest" time="0.148"/>
  <testcase name="nonParallel()" classname="trees.FineGrainedTreeTest" time="0.004"/>
  <testcase name="addAndDelete()" classname="trees.FineGrainedTreeTest" time="0.094"/>
  <testcase name="deleteTest()" classname="trees.FineGrainedTreeTest" time="0.117"/>
  <system-out><![CDATA[]]></system-out>
  <system-err><![CDATA[]]></system-err>
</testsuite>
